<?xml version="1.0" encoding="UTF-8"?>
<robot generator="Robot 4.1.3 (Python 3.10.6 on win32)" generated="20240609 11:37:28.566" rpa="false" schemaversion="2">
<suite id="s1" name="Clear Changes" source="C:\Users\abdullah.ahmed\IdeaProjects\Admin QSIT\Tests\Logs\Clear Changes.robot">
<kw name="Run Keywords" library="BuiltIn" type="SETUP">
<arg>Open_Chrome</arg>
<arg>Login_Successfully</arg>
<doc>Executes all the given keywords in a sequence.</doc>
<kw name="Open_Chrome" library="Common">
<kw name="Set Selenium Implicit Wait" library="SeleniumLibrary">
<arg>5</arg>
<doc>Sets the implicit wait value used by Selenium.</doc>
<status status="PASS" starttime="20240609 11:37:29.297" endtime="20240609 11:37:29.297"/>
</kw>
<kw name="Open Browser" library="SeleniumLibrary">
<arg>https://dgdadevnew.eastus.cloudapp.azure.com/DGDAAdminFront/#/login</arg>
<arg>chrome</arg>
<doc>Opens a new browser instance to the optional ``url``.</doc>
<msg timestamp="20240609 11:37:29.298" level="INFO">Opening browser 'chrome' to base url 'https://dgdadevnew.eastus.cloudapp.azure.com/DGDAAdminFront/#/login'.</msg>
<status status="PASS" starttime="20240609 11:37:29.298" endtime="20240609 11:38:14.626"/>
</kw>
<kw name="Maximize Browser Window" library="SeleniumLibrary">
<doc>Maximizes current browser window.</doc>
<status status="PASS" starttime="20240609 11:38:14.626" endtime="20240609 11:38:14.665"/>
</kw>
<status status="PASS" starttime="20240609 11:37:29.296" endtime="20240609 11:38:14.666"/>
</kw>
<kw name="Login_Successfully" library="Common">
<kw name="Input Text" library="SeleniumLibrary">
<arg>${Username_Text}</arg>
<arg>Admin</arg>
<doc>Types the given ``text`` into the text field identified by ``locator``.</doc>
<msg timestamp="20240609 11:38:14.668" level="INFO">Typing text 'Admin' into text field '//*[@id="login_input_username"]'.</msg>
<status status="PASS" starttime="20240609 11:38:14.667" endtime="20240609 11:38:15.436"/>
</kw>
<kw name="Input Password" library="SeleniumLibrary">
<arg>${Password_Text}</arg>
<arg>123456</arg>
<doc>Types the given password into the text field identified by ``locator``.</doc>
<msg timestamp="20240609 11:38:15.437" level="INFO">Typing password into text field '//*[@id="login_input_password"]'.</msg>
<msg timestamp="20240609 11:38:15.470" level="INFO">Temporally setting log level to: NONE</msg>
<msg timestamp="20240609 11:38:15.547" level="INFO">Log level changed from NONE to INFO.</msg>
<status status="PASS" starttime="20240609 11:38:15.437" endtime="20240609 11:38:15.547"/>
</kw>
<kw name="Click Element" library="SeleniumLibrary">
<arg>${Login_btn}</arg>
<doc>Click the element identified by ``locator``.</doc>
<msg timestamp="20240609 11:38:15.548" level="INFO">Clicking element '//*[@id="login_btn_login"]'.</msg>
<status status="PASS" starttime="20240609 11:38:15.548" endtime="20240609 11:38:15.596"/>
</kw>
<status status="PASS" starttime="20240609 11:38:14.666" endtime="20240609 11:38:15.596"/>
</kw>
<status status="PASS" starttime="20240609 11:37:29.295" endtime="20240609 11:38:15.597"/>
</kw>
<test id="s1-t1" name="Check functionality of Reset_Changes">
<kw name="Click on logs Button" library="Keyword_ClearChanges">
<kw name="Click Button" library="SeleniumLibrary">
<arg>${logs_Button}</arg>
<doc>Clicks the button identified by ``locator``.</doc>
<msg timestamp="20240609 11:38:15.599" level="INFO">Clicking button 'xpath=/html/body/app-root/div/div/div[1]/app-side-navigation/div/ul/li[6]/button'.</msg>
<msg timestamp="20240609 11:38:24.117" level="INFO" html="true">&lt;/td&gt;&lt;/tr&gt;&lt;tr&gt;&lt;td colspan="3"&gt;&lt;a href="selenium-screenshot-189.png"&gt;&lt;img src="selenium-screenshot-189.png" width="800px"&gt;&lt;/a&gt;</msg>
<msg timestamp="20240609 11:38:24.119" level="FAIL">ElementNotInteractableException: Message: element not interactable
  (Session info: chrome=125.0.6422.113)
Stacktrace:
	GetHandleVerifier [0x00007FF7E3621F22+60322]
	(No symbol) [0x00007FF7E359CE99]
	(No symbol) [0x00007FF7E3457CE9]
	(No symbol) [0x00007FF7E34A89C2]
	(No symbol) [0x00007FF7E349B491]
	(No symbol) [0x00007FF7E34CC21A]
	(No symbol) [0x00007FF7E349ADB6]
	(No symbol) [0x00007FF7E34CC430]
	(No symbol) [0x00007FF7E34EBC80]
	(No symbol) [0x00007FF7E34CBFC3]
	(No symbol) [0x00007FF7E3499617]
	(No symbol) [0x00007FF7E349A211]
	GetHandleVerifier [0x00007FF7E393946D+3301613]
	GetHandleVerifier [0x00007FF7E3983693+3605267]
	GetHandleVerifier [0x00007FF7E3979410+3563664]
	GetHandleVerifier [0x00007FF7E36D42F6+790390]
	(No symbol) [0x00007FF7E35A74DF]
	(No symbol) [0x00007FF7E35A33D4]
	(No symbol) [0x00007FF7E35A3562]
	(No symbol) [0x00007FF7E3592F6F]
	BaseThreadInitThunk [0x00007FFFA537257D+29]
	RtlUserThreadStart [0x00007FFFA654AA48+40]
</msg>
<status status="FAIL" starttime="20240609 11:38:15.599" endtime="20240609 11:38:24.119"/>
</kw>
<kw name="Sleep" library="BuiltIn">
<arg>2s</arg>
<doc>Pauses the test executed for the given time.</doc>
<status status="NOT RUN" starttime="20240609 11:38:24.120" endtime="20240609 11:38:24.120"/>
</kw>
<status status="FAIL" starttime="20240609 11:38:15.598" endtime="20240609 11:38:24.120"/>
</kw>
<kw name="Click on Open caalender" library="Keyword_ClearChanges">
<status status="NOT RUN" starttime="20240609 11:38:24.122" endtime="20240609 11:38:24.122"/>
</kw>
<kw name="${From_Date} Select From Date">
<status status="NOT RUN" starttime="20240609 11:38:24.124" endtime="20240609 11:38:24.125"/>
</kw>
<kw name="Click on open Calender" library="Keyword_ClearChanges">
<status status="NOT RUN" starttime="20240609 11:38:24.125" endtime="20240609 11:38:24.125"/>
</kw>
<kw name="Selct To Date" library="Keyword_ClearChanges">
<status status="NOT RUN" starttime="20240609 11:38:24.125" endtime="20240609 11:38:24.125"/>
</kw>
<kw name="Click on clear Button" library="Keyword_ClearChanges">
<status status="NOT RUN" starttime="20240609 11:38:24.125" endtime="20240609 11:38:24.125"/>
</kw>
<kw name="Close_Chrome" library="Common" type="TEARDOWN">
<kw name="Close Browser" library="SeleniumLibrary">
<doc>Closes the current browser.</doc>
<status status="PASS" starttime="20240609 11:38:24.126" endtime="20240609 11:38:31.234"/>
</kw>
<status status="PASS" starttime="20240609 11:38:24.125" endtime="20240609 11:38:31.235"/>
</kw>
<tag>Clear_Changes</tag>
<status status="FAIL" starttime="20240609 11:38:15.597" endtime="20240609 11:38:31.235">ElementNotInteractableException: Message: element not interactable
  (Session info: chrome=125.0.6422.113)
Stacktrace:
	GetHandleVerifier [0x00007FF7E3621F22+60322]
	(No symbol) [0x00007FF7E359CE99]
	(No symbol) [0x00007FF7E3457CE9]
	(No symbol) [0x00007FF7E34A89C2]
	(No symbol) [0x00007FF7E349B491]
	(No symbol) [0x00007FF7E34CC21A]
	(No symbol) [0x00007FF7E349ADB6]
	(No symbol) [0x00007FF7E34CC430]
	(No symbol) [0x00007FF7E34EBC80]
	(No symbol) [0x00007FF7E34CBFC3]
	(No symbol) [0x00007FF7E3499617]
	(No symbol) [0x00007FF7E349A211]
	GetHandleVerifier [0x00007FF7E393946D+3301613]
	GetHandleVerifier [0x00007FF7E3983693+3605267]
	GetHandleVerifier [0x00007FF7E3979410+3563664]
	GetHandleVerifier [0x00007FF7E36D42F6+790390]
	(No symbol) [0x00007FF7E35A74DF]
	(No symbol) [0x00007FF7E35A33D4]
	(No symbol) [0x00007FF7E35A3562]
	(No symbol) [0x00007FF7E3592F6F]
	BaseThreadInitThunk [0x00007FFFA537257D+29]
	RtlUserThreadStart [0x00007FFFA654AA48+40]
</status>
</test>
<status status="FAIL" starttime="20240609 11:37:28.570" endtime="20240609 11:38:31.236"/>
</suite>
<statistics>
<total>
<stat pass="0" fail="1" skip="0">All Tests</stat>
</total>
<tag>
<stat pass="0" fail="1" skip="0">Clear_Changes</stat>
</tag>
<suite>
<stat pass="0" fail="1" skip="0" id="s1" name="Clear Changes">Clear Changes</stat>
</suite>
</statistics>
<errors>
<msg timestamp="20240609 11:37:29.286" level="ERROR">Error in resource file 'C:\Users\abdullah.ahmed\IdeaProjects\Admin QSIT\Resources\Logs\Keyword_ClearChanges.robot': Creating keyword 'Select From Date' failed: Keyword with same name defined multiple times.</msg>
</errors>
</robot>
